<?xml version="1.0" encoding="UTF-8"?>
<!-- Generated by org.testng.reporters.JUnitReportReporter -->
<testsuite skipped="0" hostname="elxadk0mqf2" name="corleone.test.TestBasicFunction" tests="2" failures="0" timestamp="10 Mar 2019 22:13:57 GMT" time="0.089" errors="0">
  <testcase name="processDateTimes" time="0.082" classname="corleone.test.TestBasicFunction"/>
  <testcase name="processVMArguments" time="0.007" classname="corleone.test.TestBasicFunction"/>
</testsuite> <!-- corleone.test.TestBasicFunction -->
