<?xml version="1.0" encoding="UTF-8"?>
<!-- Generated by org.testng.reporters.JUnitReportReporter -->
<testsuite skipped="0" hostname="elxadk0mqf2" name="corleone.test.TestCollections" tests="1" failures="0" timestamp="11 Mar 2018 14:45:12 GMT" time="0.005" errors="0">
  <testcase name="traverseTreeMap" time="0.005" classname="corleone.test.TestCollections"/>
</testsuite> <!-- corleone.test.TestCollections -->
