<?xml version="1.0" encoding="UTF-8"?>
<!-- Generated by org.testng.reporters.JUnitReportReporter -->
<testsuite skipped="0" hostname="elxadk0mqf2" name="corleone.test.TestBasicFunction" tests="2" failures="0" timestamp="11 Mar 2018 14:45:12 GMT" time="0.179" errors="0">
  <testcase name="processDateTimes" time="0.170" classname="corleone.test.TestBasicFunction"/>
  <testcase name="processVMArguments" time="0.009" classname="corleone.test.TestBasicFunction"/>
</testsuite> <!-- corleone.test.TestBasicFunction -->
