<?xml version="1.0" encoding="UTF-8"?>
<!-- Generated by org.testng.reporters.JUnitReportReporter -->
<testsuite skipped="0" hostname="elxadk0mqf2" name="corleone.test.TestXML" tests="2" failures="0" timestamp="12 Jul 2018 08:50:31 GMT" time="0.099" errors="0">
  <testcase name="marshalling" time="0.002" classname="corleone.test.TestXML"/>
  <testcase name="unmarshalling" time="0.097" classname="corleone.test.TestXML"/>
</testsuite> <!-- corleone.test.TestXML -->
