<?xml version="1.0" encoding="UTF-8"?>
<!-- Generated by org.testng.reporters.JUnitReportReporter -->
<testsuite skipped="0" hostname="elxadk0mqf2" name="corleone.test.TestString" tests="1" failures="0" timestamp="16 Mar 2018 16:01:49 GMT" time="0.006" errors="0">
  <testcase name="testStringBuiler" time="0.006" classname="corleone.test.TestString"/>
</testsuite> <!-- corleone.test.TestString -->
