<?xml version="1.0" encoding="UTF-8"?>
<!-- Generated by org.testng.reporters.JUnitReportReporter -->
<testsuite skipped="0" hostname="elxadk0mqf2" name="corleone.test.TestXML" tests="1" failures="0" timestamp="16 Mar 2018 16:01:49 GMT" time="0.001" errors="0">
  <testcase name="marshalling" time="0.001" classname="corleone.test.TestXML"/>
</testsuite> <!-- corleone.test.TestXML -->
